0 info it worked if it ends with ok
1 verbose cli [ '/usr/local/bin/node',
1 verbose cli   '/usr/local/bin/npm',
1 verbose cli   'install',
1 verbose cli   'angular/core' ]
2 info using npm@3.10.10
3 info using node@v6.11.0
4 silly loadCurrentTree Starting
5 silly install loadCurrentTree
6 silly install readLocalPackageData
7 silly fetchPackageMetaData angular/core
8 silly fetchOtherPackageData angular/core
9 silly cache add args [ 'angular/core', null ]
10 verbose cache add spec angular/core
11 silly cache add parsed spec Result {
11 silly cache add   raw: 'angular/core',
11 silly cache add   scope: null,
11 silly cache add   escapedName: null,
11 silly cache add   name: null,
11 silly cache add   rawSpec: 'angular/core',
11 silly cache add   spec: 'github:angular/core',
11 silly cache add   type: 'hosted',
11 silly cache add   hosted:
11 silly cache add    { type: 'github',
11 silly cache add      ssh: 'git@github.com:angular/core.git',
11 silly cache add      sshUrl: 'git+ssh://git@github.com/angular/core.git',
11 silly cache add      httpsUrl: 'git+https://github.com/angular/core.git',
11 silly cache add      gitUrl: 'git://github.com/angular/core.git',
11 silly cache add      shortcut: 'github:angular/core',
11 silly cache add      directUrl: 'https://raw.githubusercontent.com/angular/core/master/package.json' } }
12 verbose addRemoteGit caching angular/core
13 verbose addRemoteGit angular/core is a repository hosted by github
14 silly tryGitProto attempting to clone git://github.com/angular/core.git
15 silly tryClone cloning angular/core via git://github.com/angular/core.git
16 verbose tryClone git-github-com-angular-core-git-667ca82b not in flight; caching
17 verbose correctMkdir /Users/macuser/.npm/_git-remotes correctMkdir not in flight; initializing
18 info git [ 'clone',
18 info git   '--template=/Users/macuser/.npm/_git-remotes/_templates',
18 info git   '--mirror',
18 info git   'git://github.com/angular/core.git',
18 info git   '/Users/macuser/.npm/_git-remotes/git-github-com-angular-core-git-667ca82b' ]
19 verbose git clone --template=/Users/macuser/.npm/_git-remotes/_templates --mirror git://github.com/angular/core.git /Users/macuser/.npm/_git-remotes/git-github-com-angular-core-git-667ca82b: Cloning into bare repository '/Users/macuser/.npm/_git-remotes/git-github-com-angular-core-git-667ca82b'...
19 verbose git clone --template=/Users/macuser/.npm/_git-remotes/_templates --mirror git://github.com/angular/core.git /Users/macuser/.npm/_git-remotes/git-github-com-angular-core-git-667ca82b: fatal: remote error:
19 verbose git clone --template=/Users/macuser/.npm/_git-remotes/_templates --mirror git://github.com/angular/core.git /Users/macuser/.npm/_git-remotes/git-github-com-angular-core-git-667ca82b:   Repository not found.
20 silly tryHTTPS attempting to clone git+https://github.com/angular/core.git
21 silly tryClone cloning angular/core via git+https://github.com/angular/core.git
22 verbose tryClone git-https-github-com-angular-core-git-d4915b66 not in flight; caching
23 verbose correctMkdir /Users/macuser/.npm/_git-remotes correctMkdir not in flight; initializing
24 info git [ 'clone',
24 info git   '--template=/Users/macuser/.npm/_git-remotes/_templates',
24 info git   '--mirror',
24 info git   'https://github.com/angular/core.git',
24 info git   '/Users/macuser/.npm/_git-remotes/git-https-github-com-angular-core-git-d4915b66' ]
25 verbose git clone --template=/Users/macuser/.npm/_git-remotes/_templates --mirror https://github.com/angular/core.git /Users/macuser/.npm/_git-remotes/git-https-github-com-angular-core-git-d4915b66: Cloning into bare repository '/Users/macuser/.npm/_git-remotes/git-https-github-com-angular-core-git-d4915b66'...
25 verbose git clone --template=/Users/macuser/.npm/_git-remotes/_templates --mirror https://github.com/angular/core.git /Users/macuser/.npm/_git-remotes/git-https-github-com-angular-core-git-d4915b66: remote: Repository not found.
25 verbose git clone --template=/Users/macuser/.npm/_git-remotes/_templates --mirror https://github.com/angular/core.git /Users/macuser/.npm/_git-remotes/git-https-github-com-angular-core-git-d4915b66: fatal: repository 'https://github.com/angular/core.git/' not found
26 silly trySSH attempting to clone git@github.com:angular/core.git
27 silly tryClone cloning angular/core via git@github.com:angular/core.git
28 verbose tryClone git-github-com-angular-core-git-491ea1b8 not in flight; caching
29 verbose correctMkdir /Users/macuser/.npm/_git-remotes correctMkdir not in flight; initializing
30 info git [ 'clone',
30 info git   '--template=/Users/macuser/.npm/_git-remotes/_templates',
30 info git   '--mirror',
30 info git   'git@github.com:angular/core.git',
30 info git   '/Users/macuser/.npm/_git-remotes/git-github-com-angular-core-git-491ea1b8' ]
31 error git clone --template=/Users/macuser/.npm/_git-remotes/_templates --mirror git@github.com:angular/core.git /Users/macuser/.npm/_git-remotes/git-github-com-angular-core-git-491ea1b8: Cloning into bare repository '/Users/macuser/.npm/_git-remotes/git-github-com-angular-core-git-491ea1b8'...
31 error git clone --template=/Users/macuser/.npm/_git-remotes/_templates --mirror git@github.com:angular/core.git /Users/macuser/.npm/_git-remotes/git-github-com-angular-core-git-491ea1b8: Warning: Permanently added the RSA host key for IP address '192.30.255.113' to the list of known hosts.
31 error git clone --template=/Users/macuser/.npm/_git-remotes/_templates --mirror git@github.com:angular/core.git /Users/macuser/.npm/_git-remotes/git-github-com-angular-core-git-491ea1b8: Permission denied (publickey).
31 error git clone --template=/Users/macuser/.npm/_git-remotes/_templates --mirror git@github.com:angular/core.git /Users/macuser/.npm/_git-remotes/git-github-com-angular-core-git-491ea1b8: fatal: Could not read from remote repository.
31 error git clone --template=/Users/macuser/.npm/_git-remotes/_templates --mirror git@github.com:angular/core.git /Users/macuser/.npm/_git-remotes/git-github-com-angular-core-git-491ea1b8:
31 error git clone --template=/Users/macuser/.npm/_git-remotes/_templates --mirror git@github.com:angular/core.git /Users/macuser/.npm/_git-remotes/git-github-com-angular-core-git-491ea1b8: Please make sure you have the correct access rights
31 error git clone --template=/Users/macuser/.npm/_git-remotes/_templates --mirror git@github.com:angular/core.git /Users/macuser/.npm/_git-remotes/git-github-com-angular-core-git-491ea1b8: and the repository exists.
32 silly fetchPackageMetaData Error: Command failed: git clone --template=/Users/macuser/.npm/_git-remotes/_templates --mirror git@github.com:angular/core.git /Users/macuser/.npm/_git-remotes/git-github-com-angular-core-git-491ea1b8
32 silly fetchPackageMetaData Cloning into bare repository '/Users/macuser/.npm/_git-remotes/git-github-com-angular-core-git-491ea1b8'...
32 silly fetchPackageMetaData Warning: Permanently added the RSA host key for IP address '192.30.255.113' to the list of known hosts.
32 silly fetchPackageMetaData Permission denied (publickey).
32 silly fetchPackageMetaData fatal: Could not read from remote repository.
32 silly fetchPackageMetaData
32 silly fetchPackageMetaData Please make sure you have the correct access rights
32 silly fetchPackageMetaData and the repository exists.
32 silly fetchPackageMetaData
32 silly fetchPackageMetaData     at ChildProcess.exithandler (child_process.js:204:12)
32 silly fetchPackageMetaData     at emitTwo (events.js:106:13)
32 silly fetchPackageMetaData     at ChildProcess.emit (events.js:191:7)
32 silly fetchPackageMetaData     at maybeClose (internal/child_process.js:891:16)
32 silly fetchPackageMetaData     at Process.ChildProcess._handle.onexit (internal/child_process.js:226:5)
32 silly fetchPackageMetaData  error for angular/core { Error: Command failed: git clone --template=/Users/macuser/.npm/_git-remotes/_templates --mirror git@github.com:angular/core.git /Users/macuser/.npm/_git-remotes/git-github-com-angular-core-git-491ea1b8
32 silly fetchPackageMetaData Cloning into bare repository '/Users/macuser/.npm/_git-remotes/git-github-com-angular-core-git-491ea1b8'...
32 silly fetchPackageMetaData Warning: Permanently added the RSA host key for IP address '192.30.255.113' to the list of known hosts.
32 silly fetchPackageMetaData Permission denied (publickey).
32 silly fetchPackageMetaData fatal: Could not read from remote repository.
32 silly fetchPackageMetaData
32 silly fetchPackageMetaData Please make sure you have the correct access rights
32 silly fetchPackageMetaData and the repository exists.
32 silly fetchPackageMetaData
32 silly fetchPackageMetaData     at ChildProcess.exithandler (child_process.js:204:12)
32 silly fetchPackageMetaData     at emitTwo (events.js:106:13)
32 silly fetchPackageMetaData     at ChildProcess.emit (events.js:191:7)
32 silly fetchPackageMetaData     at maybeClose (internal/child_process.js:891:16)
32 silly fetchPackageMetaData     at Process.ChildProcess._handle.onexit (internal/child_process.js:226:5)
32 silly fetchPackageMetaData   killed: false,
32 silly fetchPackageMetaData   code: 128,
32 silly fetchPackageMetaData   signal: null,
32 silly fetchPackageMetaData   cmd: 'git clone --template=/Users/macuser/.npm/_git-remotes/_templates --mirror git@github.com:angular/core.git /Users/macuser/.npm/_git-remotes/git-github-com-angular-core-git-491ea1b8' }
33 silly rollbackFailedOptional Starting
34 silly rollbackFailedOptional Finishing
35 silly runTopLevelLifecycles Finishing
36 silly install printInstalled
37 verbose stack Error: Command failed: git clone --template=/Users/macuser/.npm/_git-remotes/_templates --mirror git@github.com:angular/core.git /Users/macuser/.npm/_git-remotes/git-github-com-angular-core-git-491ea1b8
37 verbose stack Cloning into bare repository '/Users/macuser/.npm/_git-remotes/git-github-com-angular-core-git-491ea1b8'...
37 verbose stack Warning: Permanently added the RSA host key for IP address '192.30.255.113' to the list of known hosts.
37 verbose stack Permission denied (publickey).
37 verbose stack fatal: Could not read from remote repository.
37 verbose stack
37 verbose stack Please make sure you have the correct access rights
37 verbose stack and the repository exists.
37 verbose stack
37 verbose stack     at ChildProcess.exithandler (child_process.js:204:12)
37 verbose stack     at emitTwo (events.js:106:13)
37 verbose stack     at ChildProcess.emit (events.js:191:7)
37 verbose stack     at maybeClose (internal/child_process.js:891:16)
37 verbose stack     at Process.ChildProcess._handle.onexit (internal/child_process.js:226:5)
38 verbose cwd /Users/macuser/Documents/cl/war/healthplus
39 error Darwin 16.3.0
40 error argv "/usr/local/bin/node" "/usr/local/bin/npm" "install" "angular/core"
41 error node v6.11.0
42 error npm  v3.10.10
43 error code 128
44 error Command failed: git clone --template=/Users/macuser/.npm/_git-remotes/_templates --mirror git@github.com:angular/core.git /Users/macuser/.npm/_git-remotes/git-github-com-angular-core-git-491ea1b8
44 error Cloning into bare repository '/Users/macuser/.npm/_git-remotes/git-github-com-angular-core-git-491ea1b8'...
44 error Warning: Permanently added the RSA host key for IP address '192.30.255.113' to the list of known hosts.
44 error Permission denied (publickey).
44 error fatal: Could not read from remote repository.
44 error
44 error Please make sure you have the correct access rights
44 error and the repository exists.
45 error If you need help, you may report this error at:
45 error     <https://github.com/npm/npm/issues>
46 verbose exit [ 1, true ]
